<?xml version="1.0" encoding="UTF-8" ?>
<testsuite errors="35" failures="0" hostname="Cynthias-MacBook-Air.local" name="ui.AppUITest" skipped="0" tests="35" time="0.548" timestamp="2018-05-05T18:53:39">
  <properties>
    <property name="netbeans.autoupdate.country" value="US" />
    <property name="ant.file.hw6" value="/Users/ricky1999/NetBeansProjects/riwu/hw6/build.xml" />
    <property name="javac.test.classpath" value=":build/classes:/Applications/NetBeans/NetBeans 8.2.app/Contents/Resources/NetBeans/platform/modules/ext/junit-4.12.jar:/Applications/NetBeans/NetBeans 8.2.app/Contents/Resources/NetBeans/platform/modules/ext/hamcrest-core-1.3.jar" />
    <property name="javac.includes" value="ui/AppUITest.java" />
    <property name="ant.core.lib" value="/Applications/NetBeans/NetBeans 8.2.app/Contents/Resources/NetBeans/extide/ant/lib/ant.jar" />
    <property name="javadoc.windowtitle" value="" />
    <property name="user.dir" value="/Users/ricky1999/NetBeansProjects/riwu/hw6" />
    <property name="java.vm.version" value="25.144-b01" />
    <property name="libs.MySQLDriver.classpath" value="/Applications/NetBeans/NetBeans 8.2.app/Contents/Resources/NetBeans/ide/modules/ext/mysql-connector-java-5.1.23-bin.jar" />
    <property name="libs.eclipselinkmodelgen.src" value="" />
    <property name="javadoc.notree" value="false" />
    <property name="netbeans.autoupdate.version" value="1.23" />
    <property name="javac.profile.cmd.line.arg" value="" />
    <property name="jdk.home" value="/Library/Java/JavaVirtualMachines/jdk1.8.0_144.jdk/Contents/Home" />
    <property name="libs.javac-api.src" value="" />
    <property name="javadoc.noindex" value="false" />
    <property name="libs.jpa2-persistence.classpath" value="/Applications/NetBeans/NetBeans 8.2.app/Contents/Resources/NetBeans/java/modules/ext/hibernate4/hibernate-jpa-2.1-api-1.0.0.Final.jar" />
    <property name="sun.os.patch.level" value="unknown" />
    <property name="do.archive+manifest.available" value="true" />
    <property name="java.vm.specification.name" value="Java Virtual Machine Specification" />
    <property name="nb.show.statistics.ui" value="usageStatisticsEnabled" />
    <property name="netbeans.autoupdate.variant" value="" />
    <property name="have.tests" value="true" />
    <property name="org.xml.sax.driver" value="com.sun.org.apache.xerces.internal.jaxp.SAXParserImpl$JAXPSAXParser" />
    <property name="libs.hamcrest.classpath" value="/Applications/NetBeans/NetBeans 8.2.app/Contents/Resources/NetBeans/platform/modules/ext/hamcrest-core-1.3.jar" />
    <property name="libs.javac-api.javadoc" value="" />
    <property name="os.name" value="Mac OS X" />
    <property name="test.class" value="ui.AppUITest" />
    <property name="libs.beans-binding.classpath" value="/Applications/NetBeans/NetBeans 8.2.app/Contents/Resources/NetBeans/java/modules/ext/beansbinding-1.2.1.jar" />
    <property name="ap.proc.none.internal" value="" />
    <property name="libs.JWSAntTasks.maven-pom" value="" />
    <property name="libs.testng.src" value="" />
    <property name="java.vendor.url.bug" value="http://bugreport.sun.com/bugreport/" />
    <property name="libs.jaxb.maven-pom" value="" />
    <property name="os.arch" value="x86_64" />
    <property name="libs.eclipselink.src" value="" />
    <property name="user.name" value="ricky1999" />
    <property name="copylibs.rebase" value="true" />
    <property name="libs.swing-layout.maven-pom" value="" />
    <property name="sun.java.command" value="org.apache.tools.ant.taskdefs.optional.junit.JUnitTestRunner ui.AppUITest skipNonTests=false filtertrace=true haltOnError=false haltOnFailure=false showoutput=true outputtoformatters=true logfailedtests=true threadid=0 logtestlistenerevents=true formatter=org.apache.tools.ant.taskdefs.optional.junit.BriefJUnitResultFormatter formatter=org.apache.tools.ant.taskdefs.optional.junit.XMLJUnitResultFormatter,/Users/ricky1999/NetBeansProjects/riwu/hw6/build/test/results/TEST-ui.AppUITest.xml crashfile=/Users/ricky1999/NetBeansProjects/riwu/hw6/build/junitvmwatcher294089251520652014.properties propsfile=/Users/ricky1999/NetBeansProjects/riwu/hw6/build/junit5436821271651660280.properties" />
    <property name="build.classes.dir" value="build/classes" />
    <property name="netbeans.accept_license_class" value="org.netbeans.license.AcceptLicense" />
    <property name="build.sysclasspath" value="ignore" />
    <property name="manifest.encoding" value="UTF-8" />
    <property name="ap.supported.internal" value="true" />
    <property name="java.failonerror" value="true" />
    <property name="libs.jaxws21.javadoc" value="/Applications/NetBeans/NetBeans 8.2.app/Contents/Resources/NetBeans/java/docs/jaxws-api-doc.zip" />
    <property name="includes" value="**" />
    <property name="user.country" value="US" />
    <property name="manifest.file" value="manifest.mf" />
    <property name="addExports:java.desktop/sun.awt" value="ALL-UNNAMED" />
    <property name="javadoc.encoding" value="UTF-8" />
    <property name="javac.classpath" value="" />
    <property name="libs.spring-framework400.classpath" value="/Applications/NetBeans/NetBeans 8.2.app/Contents/Resources/NetBeans/ide/modules/org-apache-commons-logging.jar:/Applications/NetBeans/NetBeans 8.2.app/Contents/Resources/NetBeans/java/modules/ext/cglib-2.2.jar:/Applications/NetBeans/NetBeans 8.2.app/Contents/Resources/NetBeans/java/modules/ext/spring-4/spring-aop-4.0.1.RELEASE.jar:/Applications/NetBeans/NetBeans 8.2.app/Contents/Resources/NetBeans/java/modules/ext/spring-4/spring-aspects-4.0.1.RELEASE.jar:/Applications/NetBeans/NetBeans 8.2.app/Contents/Resources/NetBeans/java/modules/ext/spring-4/spring-beans-4.0.1.RELEASE.jar:/Applications/NetBeans/NetBeans 8.2.app/Contents/Resources/NetBeans/java/modules/ext/spring-4/spring-build-src-4.0.1.RELEASE.jar:/Applications/NetBeans/NetBeans 8.2.app/Contents/Resources/NetBeans/java/modules/ext/spring-4/spring-context-4.0.1.RELEASE.jar:/Applications/NetBeans/NetBeans 8.2.app/Contents/Resources/NetBeans/java/modules/ext/spring-4/spring-context-support-4.0.1.RELEASE.jar:/Applications/NetBeans/NetBeans 8.2.app/Contents/Resources/NetBeans/java/modules/ext/spring-4/spring-core-4.0.1.RELEASE.jar:/Applications/NetBeans/NetBeans 8.2.app/Contents/Resources/NetBeans/java/modules/ext/spring-4/spring-expression-4.0.1.RELEASE.jar:/Applications/NetBeans/NetBeans 8.2.app/Contents/Resources/NetBeans/java/modules/ext/spring-4/spring-framework-bom-4.0.1.RELEASE.jar:/Applications/NetBeans/NetBeans 8.2.app/Contents/Resources/NetBeans/java/modules/ext/spring-4/spring-instrument-4.0.1.RELEASE.jar:/Applications/NetBeans/NetBeans 8.2.app/Contents/Resources/NetBeans/java/modules/ext/spring-4/spring-instrument-tomcat-4.0.1.RELEASE.jar:/Applications/NetBeans/NetBeans 8.2.app/Contents/Resources/NetBeans/java/modules/ext/spring-4/spring-jdbc-4.0.1.RELEASE.jar:/Applications/NetBeans/NetBeans 8.2.app/Contents/Resources/NetBeans/java/modules/ext/spring-4/spring-jms-4.0.1.RELEASE.jar:/Applications/NetBeans/NetBeans 8.2.app/Contents/Resources/NetBeans/java/modules/ext/spring-4/spring-messaging-4.0.1.RELEASE.jar:/Applications/NetBeans/NetBeans 8.2.app/Contents/Resources/NetBeans/java/modules/ext/spring-4/spring-orm-4.0.1.RELEASE.jar:/Applications/NetBeans/NetBeans 8.2.app/Contents/Resources/NetBeans/java/modules/ext/spring-4/spring-oxm-4.0.1.RELEASE.jar:/Applications/NetBeans/NetBeans 8.2.app/Contents/Resources/NetBeans/java/modules/ext/spring-4/spring-test-4.0.1.RELEASE.jar:/Applications/NetBeans/NetBeans 8.2.app/Contents/Resources/NetBeans/java/modules/ext/spring-4/spring-tx-4.0.1.RELEASE.jar:/Applications/NetBeans/NetBeans 8.2.app/Contents/Resources/NetBeans/java/modules/ext/spring-4/spring-web-4.0.1.RELEASE.jar:/Applications/NetBeans/NetBeans 8.2.app/Contents/Resources/NetBeans/java/modules/ext/spring-4/spring-webmvc-4.0.1.RELEASE.jar:/Applications/NetBeans/NetBeans 8.2.app/Contents/Resources/NetBeans/java/modules/ext/spring-4/spring-webmvc-portlet-4.0.1.RELEASE.jar:/Applications/NetBeans/NetBeans 8.2.app/Contents/Resources/NetBeans/java/modules/ext/spring-4/spring-websocket-4.0.1.RELEASE.jar" />
    <property name="debug-transport" value="dt_socket" />
    <property name="netbeans.home" value="/Applications/NetBeans/NetBeans 8.2.app/Contents/Resources/NetBeans/platform" />
    <property name="build.compiler.emacs" value="true" />
    <property name="java.endorsed.dirs" value="/Library/Java/JavaVirtualMachines/jdk1.8.0_144.jdk/Contents/Home/jre/lib/endorsed" />
    <property name="test.includes" value="ui/AppUITest.java" />
    <property name="addExports:java.desktop/com.apple.eawt" value="ALL-UNNAMED" />
    <property name="netbeans.dynamic.classpath" value="/Applications/NetBeans/NetBeans 8.2.app/Contents/Resources/NetBeans/platform/core/org-netbeans-libs-asm.jar:/Applications/NetBeans/NetBeans 8.2.app/Contents/Resources/NetBeans/platform/core/org-openide-filesystems-compat8.jar:/Applications/NetBeans/NetBeans 8.2.app/Contents/Resources/NetBeans/platform/core/asm-all-5.0.1.jar:/Applications/NetBeans/NetBeans 8.2.app/Contents/Resources/NetBeans/platform/core/org-openide-filesystems.jar:/Applications/NetBeans/NetBeans 8.2.app/Contents/Resources/NetBeans/platform/core/core.jar:/Applications/NetBeans/NetBeans 8.2.app/Contents/Resources/NetBeans/platform/core/core-base.jar:/Applications/NetBeans/NetBeans 8.2.app/Contents/Resources/NetBeans/platform/core/locale/core_pt_BR.jar:/Applications/NetBeans/NetBeans 8.2.app/Contents/Resources/NetBeans/platform/core/locale/org-netbeans-libs-asm_pt_BR.jar:/Applications/NetBeans/NetBeans 8.2.app/Contents/Resources/NetBeans/platform/core/locale/core-base_zh_CN.jar:/Applications/NetBeans/NetBeans 8.2.app/Contents/Resources/NetBeans/platform/core/locale/core-base_ru.jar:/Applications/NetBeans/NetBeans 8.2.app/Contents/Resources/NetBeans/platform/core/locale/core_ru.jar:/Applications/NetBeans/NetBeans 8.2.app/Contents/Resources/NetBeans/platform/core/locale/core_ja.jar:/Applications/NetBeans/NetBeans 8.2.app/Contents/Resources/NetBeans/platform/core/locale/org-openide-filesystems-compat8_zh_CN.jar:/Applications/NetBeans/NetBeans 8.2.app/Contents/Resources/NetBeans/platform/core/locale/org-openide-filesystems_pt_BR.jar:/Applications/NetBeans/NetBeans 8.2.app/Contents/Resources/NetBeans/platform/core/locale/core-base_ja.jar:/Applications/NetBeans/NetBeans 8.2.app/Contents/Resources/NetBeans/platform/core/locale/org-openide-filesystems_ja.jar:/Applications/NetBeans/NetBeans 8.2.app/Contents/Resources/NetBeans/platform/core/locale/org-openide-filesystems-compat8_ru.jar:/Applications/NetBeans/NetBeans 8.2.app/Contents/Resources/NetBeans/platform/core/locale/org-openide-filesystems-compat8_ja.jar:/Applications/NetBeans/NetBeans 8.2.app/Contents/Resources/NetBeans/platform/core/locale/org-openide-filesystems_ru.jar:/Applications/NetBeans/NetBeans 8.2.app/Contents/Resources/NetBeans/platform/core/locale/org-openide-filesystems-compat8_pt_BR.jar:/Applications/NetBeans/NetBeans 8.2.app/Contents/Resources/NetBeans/platform/core/locale/org-openide-filesystems_zh_CN.jar:/Applications/NetBeans/NetBeans 8.2.app/Contents/Resources/NetBeans/platform/core/locale/core_zh_CN.jar:/Applications/NetBeans/NetBeans 8.2.app/Contents/Resources/NetBeans/platform/core/locale/org-netbeans-libs-asm_ru.jar:/Applications/NetBeans/NetBeans 8.2.app/Contents/Resources/NetBeans/platform/core/locale/org-netbeans-libs-asm_ja.jar:/Applications/NetBeans/NetBeans 8.2.app/Contents/Resources/NetBeans/platform/core/locale/core-base_pt_BR.jar:/Applications/NetBeans/NetBeans 8.2.app/Contents/Resources/NetBeans/platform/core/locale/org-netbeans-libs-asm_zh_CN.jar:/Applications/NetBeans/NetBeans 8.2.app/Contents/Resources/NetBeans/nb/core/org-netbeans-upgrader.jar:/Applications/NetBeans/NetBeans 8.2.app/Contents/Resources/NetBeans/nb/core/locale/core_nb_zh_CN.jar:/Applications/NetBeans/NetBeans 8.2.app/Contents/Resources/NetBeans/nb/core/locale/org-netbeans-upgrader_ja.jar:/Applications/NetBeans/NetBeans 8.2.app/Contents/Resources/NetBeans/nb/core/locale/org-netbeans-upgrader_ru.jar:/Applications/NetBeans/NetBeans 8.2.app/Contents/Resources/NetBeans/nb/core/locale/org-netbeans-upgrader_pt_BR.jar:/Applications/NetBeans/NetBeans 8.2.app/Contents/Resources/NetBeans/nb/core/locale/org-netbeans-upgrader_zh_CN.jar:/Applications/NetBeans/NetBeans 8.2.app/Contents/Resources/NetBeans/nb/core/locale/core_nb_pt_BR.jar:/Applications/NetBeans/NetBeans 8.2.app/Contents/Resources/NetBeans/nb/core/locale/core_nb_ru.jar:/Applications/NetBeans/NetBeans 8.2.app/Contents/Resources/NetBeans/nb/core/locale/core_nb.jar:/Applications/NetBeans/NetBeans 8.2.app/Contents/Resources/NetBeans/nb/core/locale/core_nb_ja.jar" />
    <property name="java.vm.specification.version" value="1.8" />
    <property name="libs.hibernate4-support.src" value="" />
    <property name="ftp.nonProxyHosts" value="local|*.local|169.254/16|*.169.254/16" />
    <property name="netbeans.productversion" value="NetBeans IDE 8.2 (Build 201609300101)" />
    <property name="libs.jaxws21.src" value="" />
    <property name="application.title" value="hw6" />
    <property name="do.archive" value="true" />
    <property name="netbeans.autoupdate.language" value="en" />
    <property name="java.vendor" value="Oracle Corporation" />
    <property name="sun.font.fontmanager" value="sun.font.CFontManager" />
    <property name="jar.index.metainf" value="false" />
    <property name="javac.debug" value="true" />
    <property name="javadoc.splitindex" value="true" />
    <property name="file.separator" value="/" />
    <property name="javac.includesfile.binary" value="/Users/ricky1999/NetBeansProjects/riwu/hw6/null79762689" />
    <property name="libs.junit_4.maven-pom" value="" />
    <property name="mkdist.disabled" value="false" />
    <property name="javac.test.processorpath" value=":build/classes:/Applications/NetBeans/NetBeans 8.2.app/Contents/Resources/NetBeans/platform/modules/ext/junit-4.12.jar:/Applications/NetBeans/NetBeans 8.2.app/Contents/Resources/NetBeans/platform/modules/ext/hamcrest-core-1.3.jar" />
    <property name="netbeans.buildnumber" value="201609300101" />
    <property name="libs.JWSAntTasks.javadoc" value="" />
    <property name="build.generated.sources.dir" value="build/generated-sources" />
    <property name="libs.eclipselinkmodelgen.classpath" value="/Applications/NetBeans/NetBeans 8.2.app/Contents/Resources/NetBeans/java/modules/ext/eclipselink/org.eclipse.persistence.jpa.modelgen_2.5.2.v20140319-9ad6abd.jar" />
    <property name="ant.file.type.hw6-impl" value="file" />
    <property name="sun.java.launcher" value="SUN_STANDARD" />
    <property name="libs.hibernate4-persistencemodelgen.javadoc" value="" />
    <property name="ant.file.hw6-impl" value="/Users/ricky1999/NetBeansProjects/riwu/hw6/nbproject/build-impl.xml" />
    <property name="libs.jaxb.javadoc" value="/Applications/NetBeans/NetBeans 8.2.app/Contents/Resources/NetBeans/ide/docs/jaxb-api-doc.zip" />
    <property name="javac.includes.binary" value="/Users/ricky1999/NetBeansProjects/riwu/hw6/build/test/classes/ui/AppUITest.class" />
    <property name="ant.home" value="/Applications/NetBeans/NetBeans 8.2.app/Contents/Resources/NetBeans/extide/ant" />
    <property name="libs.junit_4.src" value="/Applications/NetBeans/NetBeans 8.2.app/Contents/Resources/NetBeans/platform/docs/junit-4.12-sources.jar" />
    <property name="libs.testng.classpath" value="/Applications/NetBeans/NetBeans 8.2.app/Contents/Resources/NetBeans/platform/modules/ext/testng-6.8.1-dist.jar" />
    <property name="libs.absolutelayout.maven-pom" value="" />
    <property name="ant.java.version" value="1.8" />
    <property name="java.library.path" value="/Users/ricky1999/Library/Java/Extensions:/Library/Java/Extensions:/Network/Library/Java/Extensions:/System/Library/Java/Extensions:/usr/lib/java:." />
    <property name="javadoc.author" value="false" />
    <property name="java.util.logging.config.class" value="org.netbeans.core.startup.TopLogging" />
    <property name="libs.spring-framework400.src" value="" />
    <property name="libs.PostgreSQLDriver.src" value="" />
    <property name="sun.arch.data.model" value="64" />
    <property name="basedir" value="/Users/ricky1999/NetBeansProjects/riwu/hw6" />
    <property name="libs.jpa20-persistence.maven-pom" value="" />
    <property name="jar.compress" value="false" />
    <property name="path.separator" value=":" />
    <property name="ant.junit.enabletestlistenerevents" value="true" />
    <property name="sun.io.unicode.encoding" value="UnicodeBig" />
    <property name="libs.jaxws21.classpath" value="/Applications/NetBeans/NetBeans 8.2.app/Contents/Resources/NetBeans/ide/modules/ext/jaxb/jaxb-impl.jar:/Applications/NetBeans/NetBeans 8.2.app/Contents/Resources/NetBeans/ide/modules/ext/jaxb/jaxb-xjc.jar:/Applications/NetBeans/NetBeans 8.2.app/Contents/Resources/NetBeans/java/modules/ext/jaxws22/FastInfoset.jar:/Applications/NetBeans/NetBeans 8.2.app/Contents/Resources/NetBeans/java/modules/ext/jaxws22/gmbal-api-only.jar:/Applications/NetBeans/NetBeans 8.2.app/Contents/Resources/NetBeans/java/modules/ext/jaxws22/ha-api.jar:/Applications/NetBeans/NetBeans 8.2.app/Contents/Resources/NetBeans/java/modules/ext/jaxws22/javax.mail_1.4.jar:/Applications/NetBeans/NetBeans 8.2.app/Contents/Resources/NetBeans/java/modules/ext/jaxws22/jaxws-rt.jar:/Applications/NetBeans/NetBeans 8.2.app/Contents/Resources/NetBeans/java/modules/ext/jaxws22/jaxws-tools.jar:/Applications/NetBeans/NetBeans 8.2.app/Contents/Resources/NetBeans/java/modules/ext/jaxws22/management-api.jar:/Applications/NetBeans/NetBeans 8.2.app/Contents/Resources/NetBeans/java/modules/ext/jaxws22/mimepull.jar:/Applications/NetBeans/NetBeans 8.2.app/Contents/Resources/NetBeans/java/modules/ext/jaxws22/policy.jar:/Applications/NetBeans/NetBeans 8.2.app/Contents/Resources/NetBeans/java/modules/ext/jaxws22/saaj-impl.jar:/Applications/NetBeans/NetBeans 8.2.app/Contents/Resources/NetBeans/java/modules/ext/jaxws22/stax-ex.jar:/Applications/NetBeans/NetBeans 8.2.app/Contents/Resources/NetBeans/java/modules/ext/jaxws22/stax2-api.jar:/Applications/NetBeans/NetBeans 8.2.app/Contents/Resources/NetBeans/java/modules/ext/jaxws22/streambuffer.jar:/Applications/NetBeans/NetBeans 8.2.app/Contents/Resources/NetBeans/java/modules/ext/jaxws22/woodstox-core-asl.jar:/Applications/NetBeans/NetBeans 8.2.app/Contents/Resources/NetBeans/java/modules/ext/jaxws22/api/jaxws-api.jar:/Applications/NetBeans/NetBeans 8.2.app/Contents/Resources/NetBeans/java/modules/ext/jaxws22/api/jsr181-api.jar:/Applications/NetBeans/NetBeans 8.2.app/Contents/Resources/NetBeans/java/modules/ext/jaxws22/api/javax.annotation.jar:/Applications/NetBeans/NetBeans 8.2.app/Contents/Resources/NetBeans/java/modules/ext/jaxws22/api/saaj-api.jar:/Applications/NetBeans/NetBeans 8.2.app/Contents/Resources/NetBeans/ide/modules/ext/jaxb/activation.jar:/Applications/NetBeans/NetBeans 8.2.app/Contents/Resources/NetBeans/ide/modules/ext/jaxb/api/jaxb-api.jar:/Applications/NetBeans/NetBeans 8.2.app/Contents/Resources/NetBeans/ide/modules/ext/jaxb/api/jsr173_1.0_api.jar" />
    <property name="apple.awt.graphics.UseQuartz" value="true" />
    <property name="addExports:java.desktop/sun.awt.im" value="ALL-UNNAMED" />
    <property name="user.language" value="en" />
    <property name="testng.mode" value="testng" />
    <property name="libs.JAXB-ENDORSED.maven-pom" value="" />
    <property name="libs.eclipselink.maven-pom" value="" />
    <property name="application.vendor" value="gene" />
    <property name="test.binaryincludes" value="&lt;nothing&gt;" />
    <property name="manifest.available" value="true" />
    <property name="libs.spring-framework300.maven-pom" value="" />
    <property name="run.test.classpath" value=":build/classes:/Applications/NetBeans/NetBeans 8.2.app/Contents/Resources/NetBeans/platform/modules/ext/junit-4.12.jar:/Applications/NetBeans/NetBeans 8.2.app/Contents/Resources/NetBeans/platform/modules/ext/hamcrest-core-1.3.jar:build/test/classes" />
    <property name="ant.project.invoked-targets" value="test-single" />
    <property name="test.binaryexcludes" value="" />
    <property name="libs.swing-layout.javadoc" value="/Applications/NetBeans/NetBeans 8.2.app/Contents/Resources/NetBeans/platform/docs/swing-layout-1.0.4-doc.zip" />
    <property name="sun.java2d.dpiaware" value="true" />
    <property name="libs.hibernate4-persistence.maven-pom" value="" />
    <property name="addExports:java.base/jdk.internal.jrtfs" value="ALL-UNNAMED" />
    <property name="gopherProxySet" value="false" />
    <property name="https.nonProxyHosts" value="localhost|127.0.0.1|Cynthias-MacBook-Air.local" />
    <property name="libs.PostgreSQLDriver.maven-pom" value="" />
    <property name="java.class.version" value="52.0" />
    <property name="ant.file.type.hw6" value="file" />
    <property name="libs.hibernate4-persistencemodelgen.maven-pom" value="" />
    <property name="libs.eclipselink.javadoc" value="/Applications/NetBeans/NetBeans 8.2.app/Contents/Resources/NetBeans/java/modules/ext/docs/javax.persistence-2.1.0-doc.zip" />
    <property name="user.properties.file" value="/Users/ricky1999/Library/Application Support/NetBeans/8.2/build.properties" />
    <property name="runtime.encoding" value="UTF-8" />
    <property name="libs.javac-api.maven-pom" value="" />
    <property name="file.encoding.pkg" value="sun.io" />
    <property name="sun.cpu.endian" value="little" />
    <property name="libs.JAXB-ENDORSED.javadoc" value="" />
    <property name="libs.JWSAntTasks.classpath" value="/Applications/NetBeans/NetBeans 8.2.app/Contents/Resources/NetBeans/java/ant/extra/org-netbeans-modules-javawebstart-anttasks.jar" />
    <property name="libs.spring-framework300.src" value="" />
    <property name="empty.dir" value="/Users/ricky1999/NetBeansProjects/riwu/hw6/build/empty" />
    <property name="version-output" value="java version &quot;1.8" />
    <property name="test.binarytestincludes" value="" />
    <property name="libs.hibernate4-persistencemodelgen.src" value="" />
    <property name="javadoc.preview" value="true" />
    <property name="socksNonProxyHosts" value="local|*.local|169.254/16|*.169.254/16" />
    <property name="libs.jpa20-persistence.javadoc" value="/Applications/NetBeans/NetBeans 8.2.app/Contents/Resources/NetBeans/java/modules/ext/docs/javax.persistence-2.1.0-doc.zip" />
    <property name="java.home" value="/Library/Java/JavaVirtualMachines/jdk1.8.0_144.jdk/Contents/Home/jre" />
    <property name="src.resources.dir" value="vilij/resources" />
    <property name="debug.test.classpath" value=":build/classes:/Applications/NetBeans/NetBeans 8.2.app/Contents/Resources/NetBeans/platform/modules/ext/junit-4.12.jar:/Applications/NetBeans/NetBeans 8.2.app/Contents/Resources/NetBeans/platform/modules/ext/hamcrest-core-1.3.jar:build/test/classes" />
    <property name="netbeans.importclass" value="org.netbeans.upgrade.AutoUpgrade" />
    <property name="ant.project.default-target" value="default" />
    <property name="annotation.processing.run.all.processors" value="true" />
    <property name="libs.PostgreSQLDriver.javadoc" value="" />
    <property name="libs.MySQLDriver.maven-pom" value="" />
    <property name="libs.hibernate4-persistence.javadoc" value="/Applications/NetBeans/NetBeans 8.2.app/Contents/Resources/NetBeans/java/modules/ext/docs/javax.persistence-2.1.0-doc.zip" />
    <property name="http.nonProxyHosts" value="local|*.local|169.254/16|*.169.254/16" />
    <property name="libs.junit_4.javadoc" value="/Applications/NetBeans/NetBeans 8.2.app/Contents/Resources/NetBeans/platform/docs/junit-4.12-javadoc.jar" />
    <property name="run.classpath" value=":build/classes" />
    <property name="jna.boot.library.name" value="jnidispatch-422" />
    <property name="sun.awt.datatransfer.timeout" value="1000" />
    <property name="libs.jpa2-persistence.maven-pom" value="" />
    <property name="annotation.processing.enabled.in.editor" value="false" />
    <property name="libs.hibernate4-support.classpath" value="/Applications/NetBeans/NetBeans 8.2.app/Contents/Resources/NetBeans/java/modules/ext/hibernate4/antlr-2.7.7.jar:/Applications/NetBeans/NetBeans 8.2.app/Contents/Resources/NetBeans/java/modules/ext/hibernate4/c3p0-0.9.2.1.jar:/Applications/NetBeans/NetBeans 8.2.app/Contents/Resources/NetBeans/java/modules/ext/hibernate4/hibernate-c3p0-4.3.1.Final.jar:/Applications/NetBeans/NetBeans 8.2.app/Contents/Resources/NetBeans/java/modules/ext/hibernate4/mchange-commons-java-0.2.3.4.jar:/Applications/NetBeans/NetBeans 8.2.app/Contents/Resources/NetBeans/java/modules/ext/hibernate4/dom4j-1.6.1.jar:/Applications/NetBeans/NetBeans 8.2.app/Contents/Resources/NetBeans/java/modules/ext/hibernate4/ehcache-core-2.4.3.jar:/Applications/NetBeans/NetBeans 8.2.app/Contents/Resources/NetBeans/java/modules/ext/hibernate4/hibernate-ehcache-4.3.1.Final.jar:/Applications/NetBeans/NetBeans 8.2.app/Contents/Resources/NetBeans/java/modules/ext/hibernate4/hibernate-core-4.3.1.Final.jar:/Applications/NetBeans/NetBeans 8.2.app/Contents/Resources/NetBeans/java/modules/ext/hibernate4/jboss-logging-3.1.3.GA.jar:/Applications/NetBeans/NetBeans 8.2.app/Contents/Resources/NetBeans/java/modules/ext/hibernate4/hibernate-commons-annotations-4.0.4.Final.jar:/Applications/NetBeans/NetBeans 8.2.app/Contents/Resources/NetBeans/java/modules/ext/hibernate4/hibernate-entitymanager-4.3.1.Final.jar:/Applications/NetBeans/NetBeans 8.2.app/Contents/Resources/NetBeans/java/modules/ext/hibernate4/javassist-3.18.1-GA.jar:/Applications/NetBeans/NetBeans 8.2.app/Contents/Resources/NetBeans/java/modules/ext/hibernate4/jboss-transaction-api_1.2_spec-1.0.0.Final.jar:/Applications/NetBeans/NetBeans 8.2.app/Contents/Resources/NetBeans/java/modules/ext/hibernate4/slf4j-api-1.6.1.jar:/Applications/NetBeans/NetBeans 8.2.app/Contents/Resources/NetBeans/java/modules/ext/hibernate4/slf4j-simple-1.6.1.jar" />
    <property name="nb.native.filechooser" value="false" />
    <property name="sun.management.compiler" value="HotSpot 64-Bit Tiered Compilers" />
    <property name="javac.deprecation" value="false" />
    <property name="javadoc.use" value="true" />
    <property name="sun.java2d.noddraw" value="true" />
    <property name="javac.processorpath" value="" />
    <property name="libs.hamcrest.maven-pom" value="" />
    <property name="javac.compilerargs" value="" />
    <property name="svnkit.http.methods" value="Basic" />
    <property name="ant.file" value="/Users/ricky1999/NetBeansProjects/riwu/hw6/build.xml" />
    <property name="libs.beans-binding.maven-pom" value="" />
    <property name="libs.hibernate4-support.javadoc" value="/Applications/NetBeans/NetBeans 8.2.app/Contents/Resources/NetBeans/java/modules/ext/docs/javax.persistence-2.1.0-doc.zip" />
    <property name="libs.beans-binding.src" value="" />
    <property name="java.vm.specification.vendor" value="Oracle Corporation" />
    <property name="libs.swing-layout.src" value="/Applications/NetBeans/NetBeans 8.2.app/Contents/Resources/NetBeans/platform/docs/swing-layout-1.0.4-src.zip" />
    <property name="org.openide.major.version" value="IDE/1" />
    <property name="java.vm.name" value="Java HotSpot(TM) 64-Bit Server VM" />
    <property name="netbeans.user" value="/Users/ricky1999/Library/Application Support/NetBeans/8.2" />
    <property name="javadoc.additionalparam" value="" />
    <property name="java.io.tmpdir" value="/var/folders/06/_q1457gx0cj8d43842_k9rm80000gn/T/" />
    <property name="java.vendor.url" value="http://java.oracle.com/" />
    <property name="endorsed.classpath.cmd.line.arg" value="" />
    <property name="jna.loaded" value="true" />
    <property name="junit.available" value="true" />
    <property name="org.openide.awt.ActionReference.completion" value="org.netbeans.modules.apisupport.project.layers.PathCompletions" />
    <property name="sun.boot.library.path" value="/Library/Java/JavaVirtualMachines/jdk1.8.0_144.jdk/Contents/Home/jre/lib" />
    <property name="have.sources" value="true" />
    <property name="libs.hamcrest.javadoc" value="" />
    <property name="debug.classpath" value=":build/classes" />
    <property name="javac.external.vm" value="true" />
    <property name="javadoc.private" value="false" />
    <property name="test.src.dir" value="test" />
    <property name="ap.processors.internal" value="" />
    <property name="meta.inf.dir" value="${src.dir}/META-INF" />
    <property name="javadoc.encoding.used" value="UTF-8" />
    <property name="dist.jar" value="dist/hw6.jar" />
    <property name="libs.spring-framework400.maven-pom" value="" />
    <property name="java.runtime.name" value="Java(TM) SE Runtime Environment" />
    <property name="ant.project.name" value="hw6" />
    <property name="netbeans.hash.code" value="unique=NB_JAVA05a9227ea-7826-4ac0-9c92-0a0e789efbec_a57d5937-8e6d-4002-aa2b-b4724a0afa63" />
    <property name="netbeans.default_userdir_root" value="/Users/ricky1999/Library/Application Support/NetBeans" />
    <property name="sun.cpu.isalist" value="" />
    <property name="libs.spring-framework400.javadoc" value="" />
    <property name="libs.CopyLibs.javadoc" value="" />
    <property name="org.openide.specification.version" value="6.2" />
    <property name="user.home" value="/Users/ricky1999" />
    <property name="annotation.processing.processors.list" value="" />
    <property name="debug-args-line" value="-Xdebug" />
    <property name="libs.JWSAntTasks.src" value="" />
    <property name="jar.index" value="false" />
    <property name="libs.CopyLibs.maven-pom" value="" />
    <property name="libs.spring-framework300.javadoc" value="" />
    <property name="libs.absolutelayout.javadoc" value="" />
    <property name="java.specification.name" value="Java Platform API Specification" />
    <property name="do.archive+main.class.available" value="true" />
    <property name="java.specification.vendor" value="Oracle Corporation" />
    <property name="libs.javac-api.classpath" value="/Applications/NetBeans/NetBeans 8.2.app/Contents/Resources/NetBeans/java/modules/ext/nb-javac-api.jar" />
    <property name="java.version" value="1.8.0_144" />
    <property name="run.jvmargs.ide" value="" />
    <property name="javadoc.version" value="false" />
    <property name="libs.MySQLDriver.javadoc" value="" />
    <property name="org.openide.version" value="deprecated" />
    <property name="platform.java" value="/Library/Java/JavaVirtualMachines/jdk1.8.0_144.jdk/Contents/Home/jre/bin/java" />
    <property name="source.encoding" value="UTF-8" />
    <property name="ap.cmd.line.internal" value="" />
    <property name="src.resources2.dir" value="data-vilij/resources" />
    <property name="libs.eclipselinkmodelgen.maven-pom" value="" />
    <property name="libs.eclipselinkmodelgen.javadoc" value="" />
    <property name="netbeans.home+have.tests" value="true" />
    <property name="annotation.processing.processor.options" value="" />
    <property name="libs.testng.maven-pom" value="" />
    <property name="libs.jaxb.src" value="" />
    <property name="work.dir" value="/Users/ricky1999/NetBeansProjects/riwu/hw6" />
    <property name="libs.jaxb.classpath" value="/Applications/NetBeans/NetBeans 8.2.app/Contents/Resources/NetBeans/ide/modules/ext/jaxb/jaxb-impl.jar:/Applications/NetBeans/NetBeans 8.2.app/Contents/Resources/NetBeans/ide/modules/ext/jaxb/jaxb-xjc.jar:/Applications/NetBeans/NetBeans 8.2.app/Contents/Resources/NetBeans/ide/modules/ext/jaxb/jaxb1-impl.jar:/Applications/NetBeans/NetBeans 8.2.app/Contents/Resources/NetBeans/ide/modules/ext/jaxb/activation.jar:/Applications/NetBeans/NetBeans 8.2.app/Contents/Resources/NetBeans/ide/modules/ext/jaxb/api/jaxb-api.jar:/Applications/NetBeans/NetBeans 8.2.app/Contents/Resources/NetBeans/ide/modules/ext/jaxb/api/jsr173_1.0_api.jar" />
    <property name="do.depend" value="false" />
    <property name="dist.javadoc.dir" value="dist/javadoc" />
    <property name="libs.swing-layout.classpath" value="/Applications/NetBeans/NetBeans 8.2.app/Contents/Resources/NetBeans/platform/modules/ext/swing-layout-1.0.4.jar" />
    <property name="build.generated.dir" value="build/generated" />
    <property name="javac.source" value="1.8" />
    <property name="line.separator" value="&#xa;" />
    <property name="java.specification.version" value="1.8" />
    <property name="libs.jaxws21.maven-pom" value="" />
    <property name="java.vm.info" value="mixed mode" />
    <property name="nb.junit.batch" value="true" />
    <property name="junit.forkmode" value="perTest" />
    <property name="addExports:java.management/sun.management" value="ALL-UNNAMED" />
    <property name="sun.boot.class.path" value="/Library/Java/JavaVirtualMachines/jdk1.8.0_144.jdk/Contents/Home/jre/lib/resources.jar:/Library/Java/JavaVirtualMachines/jdk1.8.0_144.jdk/Contents/Home/jre/lib/rt.jar:/Library/Java/JavaVirtualMachines/jdk1.8.0_144.jdk/Contents/Home/jre/lib/sunrsasign.jar:/Library/Java/JavaVirtualMachines/jdk1.8.0_144.jdk/Contents/Home/jre/lib/jsse.jar:/Library/Java/JavaVirtualMachines/jdk1.8.0_144.jdk/Contents/Home/jre/lib/jce.jar:/Library/Java/JavaVirtualMachines/jdk1.8.0_144.jdk/Contents/Home/jre/lib/charsets.jar:/Library/Java/JavaVirtualMachines/jdk1.8.0_144.jdk/Contents/Home/jre/lib/jfr.jar:/Library/Java/JavaVirtualMachines/jdk1.8.0_144.jdk/Contents/Home/jre/classes" />
    <property name="javac.target" value="1.8" />
    <property name="built-jar.properties" value="/Users/ricky1999/NetBeansProjects/riwu/hw6/build/built-jar.properties" />
    <property name="build.test.classes.dir" value="build/test/classes" />
    <property name="annotation.processing.enabled" value="true" />
    <property name="libs.jpa2-persistence.src" value="" />
    <property name="libs.jpa20-persistence.src" value="" />
    <property name="ignore.failing.tests" value="true" />
    <property name="dist.dir" value="dist" />
    <property name="testng.debug.mode" value="" />
    <property name="javac.fork" value="true" />
    <property name="java.awt.printerjob" value="sun.lwawt.macosx.CPrinterJob" />
    <property name="default.javac.source" value="1.8" />
    <property name="debug-transport-by-os" value="dt_socket" />
    <property name="libs.MySQLDriver.src" value="" />
    <property name="sun.jnu.encoding" value="UTF-8" />
    <property name="java.runtime.version" value="1.8.0_144-b01" />
    <property name="build.test.results.dir" value="build/test/results" />
    <property name="jna.platform.library.path" value="/usr/lib:/usr/lib" />
    <property name="default.javac.target" value="1.8" />
    <property name="libs.junit_4.classpath" value="/Applications/NetBeans/NetBeans 8.2.app/Contents/Resources/NetBeans/platform/modules/ext/junit-4.12.jar" />
    <property name="src.src.dir" value="vilij/src" />
    <property name="user.timezone" value="" />
    <property name="nb.junit.single" value="false" />
    <property name="netbeans.dirs" value="/Applications/NetBeans/NetBeans 8.2.app/Contents/Resources/NetBeans/nb:/Applications/NetBeans/NetBeans 8.2.app/Contents/Resources/NetBeans/ergonomics:/Applications/NetBeans/NetBeans 8.2.app/Contents/Resources/NetBeans/ide:/Applications/NetBeans/NetBeans 8.2.app/Contents/Resources/NetBeans/extide:/Applications/NetBeans/NetBeans 8.2.app/Contents/Resources/NetBeans/java:/Applications/NetBeans/NetBeans 8.2.app/Contents/Resources/NetBeans/apisupport:/Applications/NetBeans/NetBeans 8.2.app/Contents/Resources/NetBeans/webcommon:/Applications/NetBeans/NetBeans 8.2.app/Contents/Resources/NetBeans/websvccommon:/Applications/NetBeans/NetBeans 8.2.app/Contents/Resources/NetBeans/enterprise:/Applications/NetBeans/NetBeans 8.2.app/Contents/Resources/NetBeans/mobility:/Applications/NetBeans/NetBeans 8.2.app/Contents/Resources/NetBeans/profiler:/Applications/NetBeans/NetBeans 8.2.app/Contents/Resources/NetBeans/python:/Applications/NetBeans/NetBeans 8.2.app/Contents/Resources/NetBeans/php:/Applications/NetBeans/NetBeans 8.2.app/Contents/Resources/NetBeans/identity:/Applications/NetBeans/NetBeans 8.2.app/Contents/Resources/NetBeans/harness:/Applications/NetBeans/NetBeans 8.2.app/Contents/Resources/NetBeans/cnd:/Applications/NetBeans/NetBeans 8.2.app/Contents/Resources/NetBeans/cndext:/Applications/NetBeans/NetBeans 8.2.app/Contents/Resources/NetBeans/dlight:/Applications/NetBeans/NetBeans 8.2.app/Contents/Resources/NetBeans/groovy:/Applications/NetBeans/NetBeans 8.2.app/Contents/Resources/NetBeans/extra:/Applications/NetBeans/NetBeans 8.2.app/Contents/Resources/NetBeans/javacard:/Applications/NetBeans/NetBeans 8.2.app/Contents/Resources/NetBeans/javafx:" />
    <property name="java.ext.dirs" value="/Users/ricky1999/Library/Java/Extensions:/Library/Java/JavaVirtualMachines/jdk1.8.0_144.jdk/Contents/Home/jre/lib/ext:/Library/Java/Extensions:/Network/Library/Java/Extensions:/System/Library/Java/Extensions:/usr/lib/java" />
    <property name="endorsed.classpath" value="" />
    <property name="libs.absolutelayout.classpath" value="/Applications/NetBeans/NetBeans 8.2.app/Contents/Resources/NetBeans/java/modules/ext/AbsoluteLayout.jar" />
    <property name="excludes" value="" />
    <property name="libs.jpa2-persistence.javadoc" value="/Applications/NetBeans/NetBeans 8.2.app/Contents/Resources/NetBeans/java/modules/ext/docs/javax.persistence-2.1.0-doc.zip" />
    <property name="java.class.path" value="/Users/ricky1999/NetBeansProjects/riwu/hw6/build/classes:/Applications/NetBeans/NetBeans 8.2.app/Contents/Resources/NetBeans/platform/modules/ext/junit-4.12.jar:/Applications/NetBeans/NetBeans 8.2.app/Contents/Resources/NetBeans/platform/modules/ext/hamcrest-core-1.3.jar:/Users/ricky1999/NetBeansProjects/riwu/hw6/build/test/classes:/Applications/NetBeans/NetBeans 8.2.app/Contents/Resources/NetBeans/extide/ant/lib/ant-launcher.jar:/Applications/NetBeans/NetBeans 8.2.app/Contents/Resources/NetBeans/extide/ant/lib/ant.jar:/Applications/NetBeans/NetBeans 8.2.app/Contents/Resources/NetBeans/extide/ant/lib/ant-junit.jar:/Applications/NetBeans/NetBeans 8.2.app/Contents/Resources/NetBeans/extide/ant/lib/ant-junit4.jar" />
    <property name="apple.laf.useScreenMenuBar" value="true" />
    <property name="addExports:java.desktop/java.awt.peer" value="ALL-UNNAMED" />
    <property name="addExports:java.desktop/com.sun.beans.editors" value="ALL-UNNAMED" />
    <property name="do.mkdist" value="true" />
    <property name="libs.absolutelayout.src" value="" />
    <property name="libs.jpa20-persistence.classpath" value="/Applications/NetBeans/NetBeans 8.2.app/Contents/Resources/NetBeans/java/modules/ext/eclipselink/javax.persistence_2.1.0.v201304241213.jar" />
    <property name="os.version" value="10.13.4" />
    <property name="application.args" value="" />
    <property name="src.src3.dir" value="xmlutil/src" />
    <property name="main.class.available" value="true" />
    <property name="sun.awt.enableExtraMouseButtons" value="true" />
    <property name="libs.hibernate4-persistence.src" value="" />
    <property name="libs.hibernate4-support.maven-pom" value="" />
    <property name="libs.JAXB-ENDORSED.classpath" value="/Applications/NetBeans/NetBeans 8.2.app/Contents/Resources/NetBeans/ide/modules/ext/jaxb/api/jaxb-api.jar" />
    <property name="nb.internal.action.name" value="test.single" />
    <property name="libs.eclipselink.classpath" value="/Applications/NetBeans/NetBeans 8.2.app/Contents/Resources/NetBeans/java/modules/ext/eclipselink/eclipselink.jar:/Applications/NetBeans/NetBeans 8.2.app/Contents/Resources/NetBeans/java/modules/ext/eclipselink/javax.persistence_2.1.0.v201304241213.jar:/Applications/NetBeans/NetBeans 8.2.app/Contents/Resources/NetBeans/java/modules/ext/eclipselink/org.eclipse.persistence.jpa.jpql_2.5.2.v20140319-9ad6abd.jar" />
    <property name="libs.beans-binding.javadoc" value="/Applications/NetBeans/NetBeans 8.2.app/Contents/Resources/NetBeans/java/docs/beansbinding-1.2.1-doc.zip" />
    <property name="java.awt.graphicsenv" value="sun.awt.CGraphicsEnvironment" />
    <property name="java.vm.vendor" value="Oracle Corporation" />
    <property name="libs.CopyLibs.classpath" value="/Applications/NetBeans/NetBeans 8.2.app/Contents/Resources/NetBeans/java/ant/extra/org-netbeans-modules-java-j2seproject-copylibstask.jar" />
    <property name="libs.spring-framework300.classpath" value="/Applications/NetBeans/NetBeans 8.2.app/Contents/Resources/NetBeans/ide/modules/org-apache-commons-logging.jar:/Applications/NetBeans/NetBeans 8.2.app/Contents/Resources/NetBeans/java/modules/ext/cglib-2.2.jar:/Applications/NetBeans/NetBeans 8.2.app/Contents/Resources/NetBeans/java/modules/ext/spring-3.0/spring-aop-3.2.7.RELEASE.jar:/Applications/NetBeans/NetBeans 8.2.app/Contents/Resources/NetBeans/java/modules/ext/spring-3.0/spring-aspects-3.2.7.RELEASE.jar:/Applications/NetBeans/NetBeans 8.2.app/Contents/Resources/NetBeans/java/modules/ext/spring-3.0/spring-beans-3.2.7.RELEASE.jar:/Applications/NetBeans/NetBeans 8.2.app/Contents/Resources/NetBeans/java/modules/ext/spring-3.0/spring-build-src-3.2.7.RELEASE.jar:/Applications/NetBeans/NetBeans 8.2.app/Contents/Resources/NetBeans/java/modules/ext/spring-3.0/spring-context-3.2.7.RELEASE.jar:/Applications/NetBeans/NetBeans 8.2.app/Contents/Resources/NetBeans/java/modules/ext/spring-3.0/spring-context-support-3.2.7.RELEASE.jar:/Applications/NetBeans/NetBeans 8.2.app/Contents/Resources/NetBeans/java/modules/ext/spring-3.0/spring-core-3.2.7.RELEASE.jar:/Applications/NetBeans/NetBeans 8.2.app/Contents/Resources/NetBeans/java/modules/ext/spring-3.0/spring-expression-3.2.7.RELEASE.jar:/Applications/NetBeans/NetBeans 8.2.app/Contents/Resources/NetBeans/java/modules/ext/spring-3.0/spring-framework-bom-3.2.7.RELEASE.jar:/Applications/NetBeans/NetBeans 8.2.app/Contents/Resources/NetBeans/java/modules/ext/spring-3.0/spring-instrument-3.2.7.RELEASE.jar:/Applications/NetBeans/NetBeans 8.2.app/Contents/Resources/NetBeans/java/modules/ext/spring-3.0/spring-instrument-tomcat-3.2.7.RELEASE.jar:/Applications/NetBeans/NetBeans 8.2.app/Contents/Resources/NetBeans/java/modules/ext/spring-3.0/spring-jdbc-3.2.7.RELEASE.jar:/Applications/NetBeans/NetBeans 8.2.app/Contents/Resources/NetBeans/java/modules/ext/spring-3.0/spring-jms-3.2.7.RELEASE.jar:/Applications/NetBeans/NetBeans 8.2.app/Contents/Resources/NetBeans/java/modules/ext/spring-3.0/spring-orm-3.2.7.RELEASE.jar:/Applications/NetBeans/NetBeans 8.2.app/Contents/Resources/NetBeans/java/modules/ext/spring-3.0/spring-oxm-3.2.7.RELEASE.jar:/Applications/NetBeans/NetBeans 8.2.app/Contents/Resources/NetBeans/java/modules/ext/spring-3.0/spring-struts-3.2.7.RELEASE.jar:/Applications/NetBeans/NetBeans 8.2.app/Contents/Resources/NetBeans/java/modules/ext/spring-3.0/spring-test-3.2.7.RELEASE.jar:/Applications/NetBeans/NetBeans 8.2.app/Contents/Resources/NetBeans/java/modules/ext/spring-3.0/spring-tx-3.2.7.RELEASE.jar:/Applications/NetBeans/NetBeans 8.2.app/Contents/Resources/NetBeans/java/modules/ext/spring-3.0/spring-web-3.2.7.RELEASE.jar:/Applications/NetBeans/NetBeans 8.2.app/Contents/Resources/NetBeans/java/modules/ext/spring-3.0/spring-webmvc-3.2.7.RELEASE.jar:/Applications/NetBeans/NetBeans 8.2.app/Contents/Resources/NetBeans/java/modules/ext/spring-3.0/spring-webmvc-portlet-3.2.7.RELEASE.jar" />
    <property name="libs.hamcrest.src" value="" />
    <property name="run.jvmargs" value="" />
    <property name="libs.hibernate4-persistence.classpath" value="/Applications/NetBeans/NetBeans 8.2.app/Contents/Resources/NetBeans/java/modules/ext/hibernate4/antlr-2.7.7.jar:/Applications/NetBeans/NetBeans 8.2.app/Contents/Resources/NetBeans/java/modules/ext/hibernate4/c3p0-0.9.2.1.jar:/Applications/NetBeans/NetBeans 8.2.app/Contents/Resources/NetBeans/java/modules/ext/hibernate4/hibernate-c3p0-4.3.1.Final.jar:/Applications/NetBeans/NetBeans 8.2.app/Contents/Resources/NetBeans/java/modules/ext/hibernate4/mchange-commons-java-0.2.3.4.jar:/Applications/NetBeans/NetBeans 8.2.app/Contents/Resources/NetBeans/java/modules/ext/hibernate4/dom4j-1.6.1.jar:/Applications/NetBeans/NetBeans 8.2.app/Contents/Resources/NetBeans/java/modules/ext/hibernate4/ehcache-core-2.4.3.jar:/Applications/NetBeans/NetBeans 8.2.app/Contents/Resources/NetBeans/java/modules/ext/hibernate4/hibernate-ehcache-4.3.1.Final.jar:/Applications/NetBeans/NetBeans 8.2.app/Contents/Resources/NetBeans/java/modules/ext/hibernate4/hibernate-core-4.3.1.Final.jar:/Applications/NetBeans/NetBeans 8.2.app/Contents/Resources/NetBeans/java/modules/ext/hibernate4/jboss-logging-3.1.3.GA.jar:/Applications/NetBeans/NetBeans 8.2.app/Contents/Resources/NetBeans/java/modules/ext/hibernate4/hibernate-commons-annotations-4.0.4.Final.jar:/Applications/NetBeans/NetBeans 8.2.app/Contents/Resources/NetBeans/java/modules/ext/hibernate4/hibernate-entitymanager-4.3.1.Final.jar:/Applications/NetBeans/NetBeans 8.2.app/Contents/Resources/NetBeans/java/modules/ext/hibernate4/javassist-3.18.1-GA.jar:/Applications/NetBeans/NetBeans 8.2.app/Contents/Resources/NetBeans/java/modules/ext/hibernate4/jboss-transaction-api_1.2_spec-1.0.0.Final.jar:/Applications/NetBeans/NetBeans 8.2.app/Contents/Resources/NetBeans/java/modules/ext/hibernate4/slf4j-api-1.6.1.jar:/Applications/NetBeans/NetBeans 8.2.app/Contents/Resources/NetBeans/java/modules/ext/hibernate4/slf4j-simple-1.6.1.jar:/Applications/NetBeans/NetBeans 8.2.app/Contents/Resources/NetBeans/java/modules/ext/hibernate4/hibernate-jpa-2.1-api-1.0.0.Final.jar" />
    <property name="libs.JAXB-ENDORSED.src" value="" />
    <property name="dist.archive.excludes" value="" />
    <property name="libs.testng.javadoc" value="/Applications/NetBeans/NetBeans 8.2.app/Contents/Resources/NetBeans/platform/docs/testng-6.8.1-javadoc.zip" />
    <property name="libs.PostgreSQLDriver.classpath" value="/Applications/NetBeans/NetBeans 8.2.app/Contents/Resources/NetBeans/ide/modules/ext/postgresql-9.4.1209.jar" />
    <property name="libs.hibernate4-persistencemodelgen.classpath" value="/Applications/NetBeans/NetBeans 8.2.app/Contents/Resources/NetBeans/java/modules/ext/hibernate4/hibernate-jpamodelgen-4.3.1.Final.jar" />
    <property name="annotation.processing.source.output" value="build/generated-sources/ap-source-output" />
    <property name="main.class" value="ui.DataVisualizer" />
    <property name="libs.CopyLibs.src" value="" />
    <property name="build.dir" value="build" />
    <property name="addExports:java.desktop/apple.laf" value="ALL-UNNAMED" />
    <property name="src.src2.dir" value="data-vilij/src" />
    <property name="ant.version" value="Apache Ant(TM) version 1.9.7 compiled on April 9 2016" />
    <property name="file.encoding" value="UTF-8" />
    <property name="build.classes.excludes" value="**/*.java,**/*.form" />
    <property name="jdkBug6558476" value="false" />
    <property name="javadoc.nonavbar" value="false" />
    <property name="platform.active" value="default_platform" />
    <property name="awt.toolkit" value="sun.lwawt.macosx.LWCToolkit" />
  </properties>
  <testcase classname="ui.AppUITest" name="testScrnshotButtonSetter" time="0.011">
    <error type="java.lang.NullPointerException">java.lang.NullPointerException
	at ui.AppUITest.testScrnshotButtonSetter(AppUITest.java:326)
</error>
  </testcase>
  <testcase classname="ui.AppUITest" name="testAlgorithmRemove" time="0.003">
    <error type="java.lang.NullPointerException">java.lang.NullPointerException
	at ui.AppUITest.testAlgorithmRemove(AppUITest.java:405)
</error>
  </testcase>
  <testcase classname="ui.AppUITest" name="testReadOnlyClicker" time="0.002">
    <error type="java.lang.NullPointerException">java.lang.NullPointerException
	at ui.AppUITest.testReadOnlyClicker(AppUITest.java:363)
</error>
  </testcase>
  <testcase classname="ui.AppUITest" name="testGetChart" time="0.003">
    <error type="java.lang.NullPointerException">java.lang.NullPointerException
	at ui.AppUITest.testGetChart(AppUITest.java:43)
</error>
  </testcase>
  <testcase classname="ui.AppUITest" name="testSetToolbarHandlers" time="0.002">
    <error type="java.lang.NullPointerException">java.lang.NullPointerException
	at ui.AppUITest.testSetToolbarHandlers(AppUITest.java:83)
</error>
  </testcase>
  <testcase classname="ui.AppUITest" name="testGetSettings" time="0.003">
    <error type="java.lang.NullPointerException">java.lang.NullPointerException
	at ui.AppUITest.testGetSettings(AppUITest.java:392)
</error>
  </testcase>
  <testcase classname="ui.AppUITest" name="testSetDoneRunning" time="0.001">
    <error type="java.lang.NullPointerException">java.lang.NullPointerException
	at ui.AppUITest.testSetDoneRunning(AppUITest.java:459)
</error>
  </testcase>
  <testcase classname="ui.AppUITest" name="testDataChanged" time="0.002">
    <error type="java.lang.NullPointerException">java.lang.NullPointerException
	at ui.AppUITest.testDataChanged(AppUITest.java:446)
</error>
  </testcase>
  <testcase classname="ui.AppUITest" name="testTextBoxSetter" time="0.003">
    <error type="java.lang.NullPointerException">java.lang.NullPointerException
	at ui.AppUITest.testTextBoxSetter(AppUITest.java:194)
</error>
  </testcase>
  <testcase classname="ui.AppUITest" name="testClear" time="0.002">
    <error type="java.lang.NullPointerException">java.lang.NullPointerException
	at ui.AppUITest.testClear(AppUITest.java:107)
</error>
  </testcase>
  <testcase classname="ui.AppUITest" name="testNewOn" time="0.002">
    <error type="java.lang.NullPointerException">java.lang.NullPointerException
	at ui.AppUITest.testNewOn(AppUITest.java:143)
</error>
  </testcase>
  <testcase classname="ui.AppUITest" name="testHasNewText" time="0.001">
    <error type="java.lang.NullPointerException">java.lang.NullPointerException
	at ui.AppUITest.testHasNewText(AppUITest.java:431)
</error>
  </testcase>
  <testcase classname="ui.AppUITest" name="testDisplayButtonRemover" time="0.001">
    <error type="java.lang.NullPointerException">java.lang.NullPointerException
	at ui.AppUITest.testDisplayButtonRemover(AppUITest.java:290)
</error>
  </testcase>
  <testcase classname="ui.AppUITest" name="testTextBoxRemover" time="0.001">
    <error type="java.lang.NullPointerException">java.lang.NullPointerException
	at ui.AppUITest.testTextBoxRemover(AppUITest.java:206)
</error>
  </testcase>
  <testcase classname="ui.AppUITest" name="testBackButtonDisable" time="0.002">
    <error type="java.lang.NullPointerException">java.lang.NullPointerException
	at ui.AppUITest.testBackButtonDisable(AppUITest.java:242)
</error>
  </testcase>
  <testcase classname="ui.AppUITest" name="testRunButtonSetter" time="0.005">
    <error type="java.lang.NullPointerException">java.lang.NullPointerException
	at ui.AppUITest.testRunButtonSetter(AppUITest.java:302)
</error>
  </testcase>
  <testcase classname="ui.AppUITest" name="testReadOnlyButtonRemover" time="0.001">
    <error type="java.lang.NullPointerException">java.lang.NullPointerException
	at ui.AppUITest.testReadOnlyButtonRemover(AppUITest.java:230)
</error>
  </testcase>
  <testcase classname="ui.AppUITest" name="testDisplayButtonSetter" time="0.001">
    <error type="java.lang.NullPointerException">java.lang.NullPointerException
	at ui.AppUITest.testDisplayButtonSetter(AppUITest.java:278)
</error>
  </testcase>
  <testcase classname="ui.AppUITest" name="testInitialize" time="0.001">
    <error type="java.lang.NullPointerException">java.lang.NullPointerException
	at ui.AppUITest.testInitialize(AppUITest.java:95)
</error>
  </testcase>
  <testcase classname="ui.AppUITest" name="testAlgorithmTypeButtonSetter" time="0.005">
    <error type="java.lang.NullPointerException">java.lang.NullPointerException
	at ui.AppUITest.testAlgorithmTypeButtonSetter(AppUITest.java:266)
</error>
  </testcase>
  <testcase classname="ui.AppUITest" name="testMetaDataBoxSetter" time="0.001">
    <error type="java.lang.NullPointerException">java.lang.NullPointerException
	at ui.AppUITest.testMetaDataBoxSetter(AppUITest.java:350)
</error>
  </testcase>
  <testcase classname="ui.AppUITest" name="testRunButtonRemover" time="0.002">
    <error type="java.lang.NullPointerException">java.lang.NullPointerException
	at ui.AppUITest.testRunButtonRemover(AppUITest.java:314)
</error>
  </testcase>
  <testcase classname="ui.AppUITest" name="testSetTextArea" time="0.002">
    <error type="java.lang.NullPointerException">java.lang.NullPointerException
	at ui.AppUITest.testSetTextArea(AppUITest.java:182)
</error>
  </testcase>
  <testcase classname="ui.AppUITest" name="testGetDoneRunning" time="0.002">
    <error type="java.lang.NullPointerException">java.lang.NullPointerException
	at ui.AppUITest.testGetDoneRunning(AppUITest.java:472)
</error>
  </testcase>
  <testcase classname="ui.AppUITest" name="testGetTextArea" time="0.004">
    <error type="java.lang.NullPointerException">java.lang.NullPointerException
	at ui.AppUITest.testGetTextArea(AppUITest.java:168)
</error>
  </testcase>
  <testcase classname="ui.AppUITest" name="testSaveClear" time="0.009">
    <error type="java.lang.NullPointerException">java.lang.NullPointerException
	at ui.AppUITest.testSaveClear(AppUITest.java:131)
</error>
  </testcase>
  <testcase classname="ui.AppUITest" name="testSetMetaData" time="0.001">
    <error type="java.lang.NullPointerException">java.lang.NullPointerException
	at ui.AppUITest.testSetMetaData(AppUITest.java:378)
</error>
  </testcase>
  <testcase classname="ui.AppUITest" name="testScrnshotButtonRemover" time="0.026">
    <error type="java.lang.NullPointerException">java.lang.NullPointerException
	at ui.AppUITest.testScrnshotButtonRemover(AppUITest.java:338)
</error>
  </testcase>
  <testcase classname="ui.AppUITest" name="testSetToolBar" time="0.001">
    <error type="java.lang.NullPointerException">java.lang.NullPointerException
	at ui.AppUITest.testSetToolBar(AppUITest.java:70)
</error>
  </testcase>
  <testcase classname="ui.AppUITest" name="testSetResourcePaths" time="0.002">
    <error type="java.lang.NullPointerException">java.lang.NullPointerException
	at ui.AppUITest.testSetResourcePaths(AppUITest.java:57)
</error>
  </testcase>
  <testcase classname="ui.AppUITest" name="testNewText" time="0.005">
    <error type="java.lang.NullPointerException">java.lang.NullPointerException
	at ui.AppUITest.testNewText(AppUITest.java:418)
</error>
  </testcase>
  <testcase classname="ui.AppUITest" name="testBackButtonEnable" time="0.002">
    <error type="java.lang.NullPointerException">java.lang.NullPointerException
	at ui.AppUITest.testBackButtonEnable(AppUITest.java:254)
</error>
  </testcase>
  <testcase classname="ui.AppUITest" name="testSaveOn" time="0.002">
    <error type="java.lang.NullPointerException">java.lang.NullPointerException
	at ui.AppUITest.testSaveOn(AppUITest.java:155)
</error>
  </testcase>
  <testcase classname="ui.AppUITest" name="testReadOnlyButtonSetter" time="0.002">
    <error type="java.lang.NullPointerException">java.lang.NullPointerException
	at ui.AppUITest.testReadOnlyButtonSetter(AppUITest.java:218)
</error>
  </testcase>
  <testcase classname="ui.AppUITest" name="testNewClear" time="0.001">
    <error type="java.lang.NullPointerException">java.lang.NullPointerException
	at ui.AppUITest.testNewClear(AppUITest.java:119)
</error>
  </testcase>
  <system-out><![CDATA[scrnshotButtonSetter
algorithmRemove
readOnlyClicker
getChart
setToolbarHandlers
getSettings
setDoneRunning
dataChanged
textBoxSetter
clear
newOn
hasNewText
displayButtonRemover
textBoxRemover
backButtonDisable
runButtonSetter
readOnlyButtonRemover
displayButtonSetter
initialize
algorithmTypeButtonSetter
metaDataBoxSetter
runButtonRemover
setTextArea
getDoneRunning
getTextArea
saveClear
setMetaData
scrnshotButtonRemover
setToolBar
setResourcePaths
newText
backButtonEnable
saveOn
readOnlyButtonSetter
newClear
]]></system-out>
  <system-err><![CDATA[]]></system-err>
</testsuite>
